<?xml version="1.0" encoding="UTF-8"?>
<!-- Generated by org.testng.reporters.JUnitReportReporter -->
<testsuite skipped="0" hostname="DESKTOP-3MKC9B8" name="facebook.facebookTest" tests="1" failures="0" timestamp="19 Dec 2018 17:46:44 GMT" time="12.093" errors="0">
  <testcase name="register" time="12.093" classname="facebook.facebookTest"/>
</testsuite> <!-- facebook.facebookTest -->
