<?xml version="1.0" encoding="UTF-8"?>
<!-- Generated by org.testng.reporters.JUnitReportReporter -->
<testsuite skipped="0" hostname="DESKTOP-3MKC9B8" name="qatechhub.qatechhubTest" tests="1" failures="0" timestamp="19 Dec 2018 17:49:12 GMT" time="8.483" errors="0">
  <testcase name="checkTitle" time="8.483" classname="qatechhub.qatechhubTest"/>
</testsuite> <!-- qatechhub.qatechhubTest -->
