<?xml version="1.0" encoding="UTF-8"?>
<!-- Generated by org.testng.reporters.JUnitReportReporter -->
<testsuite skipped="0" hostname="DESKTOP-3MKC9B8" name="com.cybertek.ZohoProject.zohoTest" tests="1" failures="0" timestamp="12 Dec 2018 06:39:46 GMT" time="14.074" errors="0">
  <testcase name="getData" time="14.074" classname="com.cybertek.ZohoProject.zohoTest"/>
</testsuite> <!-- com.cybertek.ZohoProject.zohoTest -->
